Fri Nov  4 04:38:32 2022  [TRACE]: Start Initializing a b c A
Fri Nov  4 04:38:32 2022  [TRACE]: Processing coefs
Fri Nov  4 04:38:32 2022  [TRACE]: Calculating c
Fri Nov  4 04:38:32 2022  [TRACE]: Initializing fft
Fri Nov  4 04:38:32 2022  [TRACE]: Start iFFT A
Fri Nov  4 04:38:33 2022  [TRACE]: a After ifft:
Fri Nov  4 04:38:33 2022  [TRACE]: Start Shift A
Fri Nov  4 04:38:33 2022  [TRACE]: a After shift:
Fri Nov  4 04:38:33 2022  [TRACE]: Start FFT A
Fri Nov  4 04:38:33 2022  [TRACE]: a After fft:
Fri Nov  4 04:38:33 2022  [TRACE]: Start iFFT B
Fri Nov  4 04:38:33 2022  [TRACE]: b After ifft:
Fri Nov  4 04:38:33 2022  [TRACE]: Start Shift B
Fri Nov  4 04:38:33 2022  [TRACE]: b After shift:
Fri Nov  4 04:38:33 2022  [TRACE]: Start FFT B
Fri Nov  4 04:38:33 2022  [TRACE]: b After fft:
Fri Nov  4 04:38:33 2022  [TRACE]: Start iFFT C
Fri Nov  4 04:38:33 2022  [TRACE]: c After ifft:
Fri Nov  4 04:38:33 2022  [TRACE]: Start Shift C
Fri Nov  4 04:38:33 2022  [TRACE]: c After shift:
Fri Nov  4 04:38:33 2022  [TRACE]: Start FFT C
Fri Nov  4 04:38:34 2022  [TRACE]: c After fft:
Fri Nov  4 04:38:34 2022  [TRACE]: Start ABC
Fri Nov  4 04:38:34 2022  [TRACE]: abc:
Fri Nov  4 04:38:34 2022  [TRACE]: Start Multiexp H
Fri Nov  4 04:38:36 2022  [TRACE]: Start Multiexp A
Fri Nov  4 04:38:37 2022  [TRACE]: Start Multiexp B1
Fri Nov  4 04:38:37 2022  [TRACE]: Start Multiexp B2
Fri Nov  4 04:38:39 2022  [TRACE]: Start Multiexp C
Fri Nov  4 18:50:29 2022  [TRACE]: Start Initializing a b c A
Fri Nov  4 18:50:29 2022  [TRACE]: Processing coefs
Fri Nov  4 18:50:29 2022  [TRACE]: Calculating c
Fri Nov  4 18:50:29 2022  [TRACE]: Initializing fft
Fri Nov  4 18:50:29 2022  [TRACE]: Start iFFT A
Fri Nov  4 18:50:30 2022  [TRACE]: a After ifft:
Fri Nov  4 18:50:30 2022  [TRACE]: Start Shift A
Fri Nov  4 18:50:30 2022  [TRACE]: a After shift:
Fri Nov  4 18:50:30 2022  [TRACE]: Start FFT A
Fri Nov  4 18:50:30 2022  [TRACE]: a After fft:
Fri Nov  4 18:50:30 2022  [TRACE]: Start iFFT B
Fri Nov  4 18:50:30 2022  [TRACE]: b After ifft:
Fri Nov  4 18:50:30 2022  [TRACE]: Start Shift B
Fri Nov  4 18:50:30 2022  [TRACE]: b After shift:
Fri Nov  4 18:50:30 2022  [TRACE]: Start FFT B
Fri Nov  4 18:50:30 2022  [TRACE]: b After fft:
Fri Nov  4 18:50:30 2022  [TRACE]: Start iFFT C
Fri Nov  4 18:50:30 2022  [TRACE]: c After ifft:
Fri Nov  4 18:50:30 2022  [TRACE]: Start Shift C
Fri Nov  4 18:50:30 2022  [TRACE]: c After shift:
Fri Nov  4 18:50:30 2022  [TRACE]: Start FFT C
Fri Nov  4 18:50:31 2022  [TRACE]: c After fft:
Fri Nov  4 18:50:31 2022  [TRACE]: Start ABC
Fri Nov  4 18:50:31 2022  [TRACE]: abc:
Fri Nov  4 18:50:31 2022  [TRACE]: Start Multiexp H
Fri Nov  4 18:50:33 2022  [TRACE]: Start Multiexp A
Fri Nov  4 18:50:34 2022  [TRACE]: Start Multiexp B1
Fri Nov  4 18:50:34 2022  [TRACE]: Start Multiexp B2
Fri Nov  4 18:50:36 2022  [TRACE]: Start Multiexp C
Fri Nov  4 19:01:02 2022  [TRACE]: Start Initializing a b c A
Fri Nov  4 19:01:02 2022  [TRACE]: Processing coefs
Fri Nov  4 19:01:02 2022  [TRACE]: Calculating c
Fri Nov  4 19:01:02 2022  [TRACE]: Initializing fft
Fri Nov  4 19:01:02 2022  [TRACE]: Start iFFT A
Fri Nov  4 19:01:02 2022  [TRACE]: a After ifft:
Fri Nov  4 19:01:02 2022  [TRACE]: Start Shift A
Fri Nov  4 19:01:02 2022  [TRACE]: a After shift:
Fri Nov  4 19:01:02 2022  [TRACE]: Start FFT A
Fri Nov  4 19:01:03 2022  [TRACE]: a After fft:
Fri Nov  4 19:01:03 2022  [TRACE]: Start iFFT B
Fri Nov  4 19:01:03 2022  [TRACE]: b After ifft:
Fri Nov  4 19:01:03 2022  [TRACE]: Start Shift B
Fri Nov  4 19:01:03 2022  [TRACE]: b After shift:
Fri Nov  4 19:01:03 2022  [TRACE]: Start FFT B
Fri Nov  4 19:01:03 2022  [TRACE]: b After fft:
Fri Nov  4 19:01:03 2022  [TRACE]: Start iFFT C
Fri Nov  4 19:01:03 2022  [TRACE]: c After ifft:
Fri Nov  4 19:01:03 2022  [TRACE]: Start Shift C
Fri Nov  4 19:01:03 2022  [TRACE]: c After shift:
Fri Nov  4 19:01:03 2022  [TRACE]: Start FFT C
Fri Nov  4 19:01:03 2022  [TRACE]: c After fft:
Fri Nov  4 19:01:03 2022  [TRACE]: Start ABC
Fri Nov  4 19:01:03 2022  [TRACE]: abc:
Fri Nov  4 19:01:03 2022  [TRACE]: Start Multiexp H
Fri Nov  4 19:01:06 2022  [TRACE]: Start Multiexp A
Fri Nov  4 19:01:06 2022  [TRACE]: Start Multiexp B1
Fri Nov  4 19:01:07 2022  [TRACE]: Start Multiexp B2
Fri Nov  4 19:01:09 2022  [TRACE]: Start Multiexp C
Fri Nov  4 19:04:26 2022  [TRACE]: Start Initializing a b c A
Fri Nov  4 19:04:26 2022  [TRACE]: Processing coefs
Fri Nov  4 19:04:26 2022  [TRACE]: Calculating c
Fri Nov  4 19:04:26 2022  [TRACE]: Initializing fft
Fri Nov  4 19:04:26 2022  [TRACE]: Start iFFT A
Fri Nov  4 19:04:26 2022  [TRACE]: a After ifft:
Fri Nov  4 19:04:26 2022  [TRACE]: Start Shift A
Fri Nov  4 19:04:26 2022  [TRACE]: a After shift:
Fri Nov  4 19:04:26 2022  [TRACE]: Start FFT A
Fri Nov  4 19:04:26 2022  [TRACE]: a After fft:
Fri Nov  4 19:04:26 2022  [TRACE]: Start iFFT B
Fri Nov  4 19:04:26 2022  [TRACE]: b After ifft:
Fri Nov  4 19:04:26 2022  [TRACE]: Start Shift B
Fri Nov  4 19:04:26 2022  [TRACE]: b After shift:
Fri Nov  4 19:04:26 2022  [TRACE]: Start FFT B
Fri Nov  4 19:04:27 2022  [TRACE]: b After fft:
Fri Nov  4 19:04:27 2022  [TRACE]: Start iFFT C
Fri Nov  4 19:04:27 2022  [TRACE]: c After ifft:
Fri Nov  4 19:04:27 2022  [TRACE]: Start Shift C
Fri Nov  4 19:04:27 2022  [TRACE]: c After shift:
Fri Nov  4 19:04:27 2022  [TRACE]: Start FFT C
Fri Nov  4 19:04:27 2022  [TRACE]: c After fft:
Fri Nov  4 19:04:27 2022  [TRACE]: Start ABC
Fri Nov  4 19:04:27 2022  [TRACE]: abc:
Fri Nov  4 19:04:27 2022  [TRACE]: Start Multiexp H
Fri Nov  4 19:04:29 2022  [TRACE]: Start Multiexp A
Fri Nov  4 19:04:30 2022  [TRACE]: Start Multiexp B1
Fri Nov  4 19:04:31 2022  [TRACE]: Start Multiexp B2
Fri Nov  4 19:04:33 2022  [TRACE]: Start Multiexp C
Fri Nov  4 19:05:49 2022  [TRACE]: Start Initializing a b c A
Fri Nov  4 19:05:49 2022  [TRACE]: Processing coefs
Fri Nov  4 19:05:49 2022  [TRACE]: Calculating c
Fri Nov  4 19:05:49 2022  [TRACE]: Initializing fft
Fri Nov  4 19:05:49 2022  [TRACE]: Start iFFT A
Fri Nov  4 19:05:50 2022  [TRACE]: a After ifft:
Fri Nov  4 19:05:50 2022  [TRACE]: Start Shift A
Fri Nov  4 19:05:50 2022  [TRACE]: a After shift:
Fri Nov  4 19:05:50 2022  [TRACE]: Start FFT A
Fri Nov  4 19:05:50 2022  [TRACE]: a After fft:
Fri Nov  4 19:05:50 2022  [TRACE]: Start iFFT B
Fri Nov  4 19:05:50 2022  [TRACE]: b After ifft:
Fri Nov  4 19:05:50 2022  [TRACE]: Start Shift B
Fri Nov  4 19:05:50 2022  [TRACE]: b After shift:
Fri Nov  4 19:05:50 2022  [TRACE]: Start FFT B
Fri Nov  4 19:05:50 2022  [TRACE]: b After fft:
Fri Nov  4 19:05:50 2022  [TRACE]: Start iFFT C
Fri Nov  4 19:05:50 2022  [TRACE]: c After ifft:
Fri Nov  4 19:05:50 2022  [TRACE]: Start Shift C
Fri Nov  4 19:05:50 2022  [TRACE]: c After shift:
Fri Nov  4 19:05:50 2022  [TRACE]: Start FFT C
Fri Nov  4 19:05:51 2022  [TRACE]: c After fft:
Fri Nov  4 19:05:51 2022  [TRACE]: Start ABC
Fri Nov  4 19:05:51 2022  [TRACE]: abc:
Fri Nov  4 19:05:51 2022  [TRACE]: Start Multiexp H
Fri Nov  4 19:05:53 2022  [TRACE]: Start Multiexp A
Fri Nov  4 19:05:54 2022  [TRACE]: Start Multiexp B1
Fri Nov  4 19:05:54 2022  [TRACE]: Start Multiexp B2
Fri Nov  4 19:05:56 2022  [TRACE]: Start Multiexp C
Fri Nov  4 19:07:32 2022  [TRACE]: Start Initializing a b c A
Fri Nov  4 19:07:32 2022  [TRACE]: Processing coefs
Fri Nov  4 19:07:32 2022  [TRACE]: Calculating c
Fri Nov  4 19:07:32 2022  [TRACE]: Initializing fft
Fri Nov  4 19:07:32 2022  [TRACE]: Start iFFT A
Fri Nov  4 19:07:32 2022  [TRACE]: a After ifft:
Fri Nov  4 19:07:32 2022  [TRACE]: Start Shift A
Fri Nov  4 19:07:32 2022  [TRACE]: a After shift:
Fri Nov  4 19:07:32 2022  [TRACE]: Start FFT A
Fri Nov  4 19:07:32 2022  [TRACE]: a After fft:
Fri Nov  4 19:07:32 2022  [TRACE]: Start iFFT B
Fri Nov  4 19:07:32 2022  [TRACE]: b After ifft:
Fri Nov  4 19:07:32 2022  [TRACE]: Start Shift B
Fri Nov  4 19:07:32 2022  [TRACE]: b After shift:
Fri Nov  4 19:07:32 2022  [TRACE]: Start FFT B
Fri Nov  4 19:07:33 2022  [TRACE]: b After fft:
Fri Nov  4 19:07:33 2022  [TRACE]: Start iFFT C
Fri Nov  4 19:07:33 2022  [TRACE]: c After ifft:
Fri Nov  4 19:07:33 2022  [TRACE]: Start Shift C
Fri Nov  4 19:07:33 2022  [TRACE]: c After shift:
Fri Nov  4 19:07:33 2022  [TRACE]: Start FFT C
Fri Nov  4 19:07:33 2022  [TRACE]: c After fft:
Fri Nov  4 19:07:33 2022  [TRACE]: Start ABC
Fri Nov  4 19:07:33 2022  [TRACE]: abc:
Fri Nov  4 19:07:33 2022  [TRACE]: Start Multiexp H
Fri Nov  4 19:07:35 2022  [TRACE]: Start Multiexp A
Fri Nov  4 19:07:36 2022  [TRACE]: Start Multiexp B1
Fri Nov  4 19:07:37 2022  [TRACE]: Start Multiexp B2
Fri Nov  4 19:07:39 2022  [TRACE]: Start Multiexp C
Fri Nov  4 19:11:12 2022  [TRACE]: Start Initializing a b c A
Fri Nov  4 19:11:12 2022  [TRACE]: Processing coefs
Fri Nov  4 19:11:12 2022  [TRACE]: Calculating c
Fri Nov  4 19:11:12 2022  [TRACE]: Initializing fft
Fri Nov  4 19:11:12 2022  [TRACE]: Start iFFT A
Fri Nov  4 19:11:12 2022  [TRACE]: a After ifft:
Fri Nov  4 19:11:12 2022  [TRACE]: Start Shift A
Fri Nov  4 19:11:12 2022  [TRACE]: a After shift:
Fri Nov  4 19:11:12 2022  [TRACE]: Start FFT A
Fri Nov  4 19:11:12 2022  [TRACE]: a After fft:
Fri Nov  4 19:11:12 2022  [TRACE]: Start iFFT B
Fri Nov  4 19:11:13 2022  [TRACE]: b After ifft:
Fri Nov  4 19:11:13 2022  [TRACE]: Start Shift B
Fri Nov  4 19:11:13 2022  [TRACE]: b After shift:
Fri Nov  4 19:11:13 2022  [TRACE]: Start FFT B
Fri Nov  4 19:11:13 2022  [TRACE]: b After fft:
Fri Nov  4 19:11:13 2022  [TRACE]: Start iFFT C
Fri Nov  4 19:11:13 2022  [TRACE]: c After ifft:
Fri Nov  4 19:11:13 2022  [TRACE]: Start Shift C
Fri Nov  4 19:11:13 2022  [TRACE]: c After shift:
Fri Nov  4 19:11:13 2022  [TRACE]: Start FFT C
Fri Nov  4 19:11:13 2022  [TRACE]: c After fft:
Fri Nov  4 19:11:13 2022  [TRACE]: Start ABC
Fri Nov  4 19:11:13 2022  [TRACE]: abc:
Fri Nov  4 19:11:13 2022  [TRACE]: Start Multiexp H
Fri Nov  4 19:11:15 2022  [TRACE]: Start Multiexp A
Fri Nov  4 19:11:16 2022  [TRACE]: Start Multiexp B1
Fri Nov  4 19:11:17 2022  [TRACE]: Start Multiexp B2
Fri Nov  4 19:11:19 2022  [TRACE]: Start Multiexp C
Fri Nov  4 19:24:54 2022  [TRACE]: Start Initializing a b c A
Fri Nov  4 19:24:54 2022  [TRACE]: Processing coefs
Fri Nov  4 19:24:54 2022  [TRACE]: Calculating c
Fri Nov  4 19:24:54 2022  [TRACE]: Initializing fft
Fri Nov  4 19:24:54 2022  [TRACE]: Start iFFT A
Fri Nov  4 19:24:54 2022  [TRACE]: a After ifft:
Fri Nov  4 19:24:54 2022  [TRACE]: Start Shift A
Fri Nov  4 19:24:54 2022  [TRACE]: a After shift:
Fri Nov  4 19:24:54 2022  [TRACE]: Start FFT A
Fri Nov  4 19:24:54 2022  [TRACE]: a After fft:
Fri Nov  4 19:24:54 2022  [TRACE]: Start iFFT B
Fri Nov  4 19:24:55 2022  [TRACE]: b After ifft:
Fri Nov  4 19:24:55 2022  [TRACE]: Start Shift B
Fri Nov  4 19:24:55 2022  [TRACE]: b After shift:
Fri Nov  4 19:24:55 2022  [TRACE]: Start FFT B
Fri Nov  4 19:24:55 2022  [TRACE]: b After fft:
Fri Nov  4 19:24:55 2022  [TRACE]: Start iFFT C
Fri Nov  4 19:24:55 2022  [TRACE]: c After ifft:
Fri Nov  4 19:24:55 2022  [TRACE]: Start Shift C
Fri Nov  4 19:24:55 2022  [TRACE]: c After shift:
Fri Nov  4 19:24:55 2022  [TRACE]: Start FFT C
Fri Nov  4 19:24:55 2022  [TRACE]: c After fft:
Fri Nov  4 19:24:55 2022  [TRACE]: Start ABC
Fri Nov  4 19:24:55 2022  [TRACE]: abc:
Fri Nov  4 19:24:55 2022  [TRACE]: Start Multiexp H
Fri Nov  4 19:24:57 2022  [TRACE]: Start Multiexp A
Fri Nov  4 19:24:58 2022  [TRACE]: Start Multiexp B1
Fri Nov  4 19:24:59 2022  [TRACE]: Start Multiexp B2
Fri Nov  4 19:25:01 2022  [TRACE]: Start Multiexp C
Sat Nov  5 03:28:11 2022  [TRACE]: Start Initializing a b c A
Sat Nov  5 03:28:11 2022  [TRACE]: Processing coefs
Sat Nov  5 03:28:11 2022  [TRACE]: Calculating c
Sat Nov  5 03:28:11 2022  [TRACE]: Initializing fft
Sat Nov  5 03:28:11 2022  [TRACE]: Start iFFT A
Sat Nov  5 03:28:11 2022  [TRACE]: a After ifft:
Sat Nov  5 03:28:11 2022  [TRACE]: Start Shift A
Sat Nov  5 03:28:11 2022  [TRACE]: a After shift:
Sat Nov  5 03:28:11 2022  [TRACE]: Start FFT A
Sat Nov  5 03:28:11 2022  [TRACE]: a After fft:
Sat Nov  5 03:28:11 2022  [TRACE]: Start iFFT B
Sat Nov  5 03:28:11 2022  [TRACE]: b After ifft:
Sat Nov  5 03:28:11 2022  [TRACE]: Start Shift B
Sat Nov  5 03:28:11 2022  [TRACE]: b After shift:
Sat Nov  5 03:28:11 2022  [TRACE]: Start FFT B
Sat Nov  5 03:28:12 2022  [TRACE]: b After fft:
Sat Nov  5 03:28:12 2022  [TRACE]: Start iFFT C
Sat Nov  5 03:28:12 2022  [TRACE]: c After ifft:
Sat Nov  5 03:28:12 2022  [TRACE]: Start Shift C
Sat Nov  5 03:28:12 2022  [TRACE]: c After shift:
Sat Nov  5 03:28:12 2022  [TRACE]: Start FFT C
Sat Nov  5 03:28:12 2022  [TRACE]: c After fft:
Sat Nov  5 03:28:12 2022  [TRACE]: Start ABC
Sat Nov  5 03:28:12 2022  [TRACE]: abc:
Sat Nov  5 03:28:12 2022  [TRACE]: Start Multiexp H
Sat Nov  5 03:28:14 2022  [TRACE]: Start Multiexp A
Sat Nov  5 03:28:15 2022  [TRACE]: Start Multiexp B1
Sat Nov  5 03:28:15 2022  [TRACE]: Start Multiexp B2
Sat Nov  5 03:28:17 2022  [TRACE]: Start Multiexp C
Sat Nov  5 03:28:20 2022  [TRACE]: Start Initializing a b c A
Sat Nov  5 03:28:20 2022  [TRACE]: Processing coefs
Sat Nov  5 03:28:20 2022  [TRACE]: Calculating c
Sat Nov  5 03:28:20 2022  [TRACE]: Initializing fft
Sat Nov  5 03:28:20 2022  [TRACE]: Start iFFT A
Sat Nov  5 03:28:20 2022  [TRACE]: a After ifft:
Sat Nov  5 03:28:20 2022  [TRACE]: Start Shift A
Sat Nov  5 03:28:20 2022  [TRACE]: a After shift:
Sat Nov  5 03:28:20 2022  [TRACE]: Start FFT A
Sat Nov  5 03:28:20 2022  [TRACE]: a After fft:
Sat Nov  5 03:28:20 2022  [TRACE]: Start iFFT B
Sat Nov  5 03:28:20 2022  [TRACE]: b After ifft:
Sat Nov  5 03:28:20 2022  [TRACE]: Start Shift B
Sat Nov  5 03:28:20 2022  [TRACE]: b After shift:
Sat Nov  5 03:28:20 2022  [TRACE]: Start FFT B
Sat Nov  5 03:28:20 2022  [TRACE]: b After fft:
Sat Nov  5 03:28:20 2022  [TRACE]: Start iFFT C
Sat Nov  5 03:28:20 2022  [TRACE]: c After ifft:
Sat Nov  5 03:28:20 2022  [TRACE]: Start Shift C
Sat Nov  5 03:28:20 2022  [TRACE]: c After shift:
Sat Nov  5 03:28:20 2022  [TRACE]: Start FFT C
Sat Nov  5 03:28:20 2022  [TRACE]: c After fft:
Sat Nov  5 03:28:20 2022  [TRACE]: Start ABC
Sat Nov  5 03:28:20 2022  [TRACE]: abc:
Sat Nov  5 03:28:20 2022  [TRACE]: Start Multiexp H
Sat Nov  5 03:28:21 2022  [TRACE]: Start Multiexp A
Sat Nov  5 03:28:21 2022  [TRACE]: Start Multiexp B1
Sat Nov  5 03:28:21 2022  [TRACE]: Start Multiexp B2
Sat Nov  5 03:28:22 2022  [TRACE]: Start Multiexp C
Sat Nov  5 03:40:15 2022  [TRACE]: Start Initializing a b c A
Sat Nov  5 03:40:15 2022  [TRACE]: Processing coefs
Sat Nov  5 03:40:15 2022  [TRACE]: Calculating c
Sat Nov  5 03:40:15 2022  [TRACE]: Initializing fft
Sat Nov  5 03:40:15 2022  [TRACE]: Start iFFT A
Sat Nov  5 03:40:15 2022  [TRACE]: a After ifft:
Sat Nov  5 03:40:15 2022  [TRACE]: Start Shift A
Sat Nov  5 03:40:15 2022  [TRACE]: a After shift:
Sat Nov  5 03:40:15 2022  [TRACE]: Start FFT A
Sat Nov  5 03:40:15 2022  [TRACE]: a After fft:
Sat Nov  5 03:40:15 2022  [TRACE]: Start iFFT B
Sat Nov  5 03:40:15 2022  [TRACE]: b After ifft:
Sat Nov  5 03:40:15 2022  [TRACE]: Start Shift B
Sat Nov  5 03:40:15 2022  [TRACE]: b After shift:
Sat Nov  5 03:40:15 2022  [TRACE]: Start FFT B
Sat Nov  5 03:40:15 2022  [TRACE]: b After fft:
Sat Nov  5 03:40:15 2022  [TRACE]: Start iFFT C
Sat Nov  5 03:40:16 2022  [TRACE]: c After ifft:
Sat Nov  5 03:40:16 2022  [TRACE]: Start Shift C
Sat Nov  5 03:40:16 2022  [TRACE]: c After shift:
Sat Nov  5 03:40:16 2022  [TRACE]: Start FFT C
Sat Nov  5 03:40:16 2022  [TRACE]: c After fft:
Sat Nov  5 03:40:16 2022  [TRACE]: Start ABC
Sat Nov  5 03:40:16 2022  [TRACE]: abc:
Sat Nov  5 03:40:16 2022  [TRACE]: Start Multiexp H
Sat Nov  5 03:40:18 2022  [TRACE]: Start Multiexp A
Sat Nov  5 03:40:19 2022  [TRACE]: Start Multiexp B1
Sat Nov  5 03:40:19 2022  [TRACE]: Start Multiexp B2
Sat Nov  5 03:40:21 2022  [TRACE]: Start Multiexp C
Sat Nov  5 03:40:24 2022  [TRACE]: Start Initializing a b c A
Sat Nov  5 03:40:24 2022  [TRACE]: Processing coefs
Sat Nov  5 03:40:24 2022  [TRACE]: Calculating c
Sat Nov  5 03:40:24 2022  [TRACE]: Initializing fft
Sat Nov  5 03:40:24 2022  [TRACE]: Start iFFT A
Sat Nov  5 03:40:24 2022  [TRACE]: a After ifft:
Sat Nov  5 03:40:24 2022  [TRACE]: Start Shift A
Sat Nov  5 03:40:24 2022  [TRACE]: a After shift:
Sat Nov  5 03:40:24 2022  [TRACE]: Start FFT A
Sat Nov  5 03:40:24 2022  [TRACE]: a After fft:
Sat Nov  5 03:40:24 2022  [TRACE]: Start iFFT B
Sat Nov  5 03:40:24 2022  [TRACE]: b After ifft:
Sat Nov  5 03:40:24 2022  [TRACE]: Start Shift B
Sat Nov  5 03:40:24 2022  [TRACE]: b After shift:
Sat Nov  5 03:40:24 2022  [TRACE]: Start FFT B
Sat Nov  5 03:40:24 2022  [TRACE]: b After fft:
Sat Nov  5 03:40:24 2022  [TRACE]: Start iFFT C
Sat Nov  5 03:40:24 2022  [TRACE]: c After ifft:
Sat Nov  5 03:40:24 2022  [TRACE]: Start Shift C
Sat Nov  5 03:40:24 2022  [TRACE]: c After shift:
Sat Nov  5 03:40:24 2022  [TRACE]: Start FFT C
Sat Nov  5 03:40:24 2022  [TRACE]: c After fft:
Sat Nov  5 03:40:24 2022  [TRACE]: Start ABC
Sat Nov  5 03:40:24 2022  [TRACE]: abc:
Sat Nov  5 03:40:24 2022  [TRACE]: Start Multiexp H
Sat Nov  5 03:40:25 2022  [TRACE]: Start Multiexp A
Sat Nov  5 03:40:25 2022  [TRACE]: Start Multiexp B1
Sat Nov  5 03:40:25 2022  [TRACE]: Start Multiexp B2
Sat Nov  5 03:40:25 2022  [TRACE]: Start Multiexp C
Sat Nov  5 03:44:28 2022  [TRACE]: Start Initializing a b c A
Sat Nov  5 03:44:28 2022  [TRACE]: Processing coefs
Sat Nov  5 03:44:28 2022  [TRACE]: Calculating c
Sat Nov  5 03:44:28 2022  [TRACE]: Initializing fft
Sat Nov  5 03:44:28 2022  [TRACE]: Start iFFT A
Sat Nov  5 03:44:29 2022  [TRACE]: a After ifft:
Sat Nov  5 03:44:29 2022  [TRACE]: Start Shift A
Sat Nov  5 03:44:29 2022  [TRACE]: a After shift:
Sat Nov  5 03:44:29 2022  [TRACE]: Start FFT A
Sat Nov  5 03:44:29 2022  [TRACE]: a After fft:
Sat Nov  5 03:44:29 2022  [TRACE]: Start iFFT B
Sat Nov  5 03:44:29 2022  [TRACE]: b After ifft:
Sat Nov  5 03:44:29 2022  [TRACE]: Start Shift B
Sat Nov  5 03:44:29 2022  [TRACE]: b After shift:
Sat Nov  5 03:44:29 2022  [TRACE]: Start FFT B
Sat Nov  5 03:44:29 2022  [TRACE]: b After fft:
Sat Nov  5 03:44:29 2022  [TRACE]: Start iFFT C
Sat Nov  5 03:44:29 2022  [TRACE]: c After ifft:
Sat Nov  5 03:44:29 2022  [TRACE]: Start Shift C
Sat Nov  5 03:44:29 2022  [TRACE]: c After shift:
Sat Nov  5 03:44:29 2022  [TRACE]: Start FFT C
Sat Nov  5 03:44:30 2022  [TRACE]: c After fft:
Sat Nov  5 03:44:30 2022  [TRACE]: Start ABC
Sat Nov  5 03:44:30 2022  [TRACE]: abc:
Sat Nov  5 03:44:30 2022  [TRACE]: Start Multiexp H
Sat Nov  5 03:44:32 2022  [TRACE]: Start Multiexp A
Sat Nov  5 03:44:32 2022  [TRACE]: Start Multiexp B1
Sat Nov  5 03:44:33 2022  [TRACE]: Start Multiexp B2
Sat Nov  5 03:44:35 2022  [TRACE]: Start Multiexp C
Sat Nov  5 03:44:37 2022  [TRACE]: Start Initializing a b c A
Sat Nov  5 03:44:37 2022  [TRACE]: Processing coefs
Sat Nov  5 03:44:37 2022  [TRACE]: Calculating c
Sat Nov  5 03:44:37 2022  [TRACE]: Initializing fft
Sat Nov  5 03:44:37 2022  [TRACE]: Start iFFT A
Sat Nov  5 03:44:37 2022  [TRACE]: a After ifft:
Sat Nov  5 03:44:37 2022  [TRACE]: Start Shift A
Sat Nov  5 03:44:37 2022  [TRACE]: a After shift:
Sat Nov  5 03:44:37 2022  [TRACE]: Start FFT A
Sat Nov  5 03:44:37 2022  [TRACE]: a After fft:
Sat Nov  5 03:44:37 2022  [TRACE]: Start iFFT B
Sat Nov  5 03:44:37 2022  [TRACE]: b After ifft:
Sat Nov  5 03:44:37 2022  [TRACE]: Start Shift B
Sat Nov  5 03:44:37 2022  [TRACE]: b After shift:
Sat Nov  5 03:44:37 2022  [TRACE]: Start FFT B
Sat Nov  5 03:44:38 2022  [TRACE]: b After fft:
Sat Nov  5 03:44:38 2022  [TRACE]: Start iFFT C
Sat Nov  5 03:44:38 2022  [TRACE]: c After ifft:
Sat Nov  5 03:44:38 2022  [TRACE]: Start Shift C
Sat Nov  5 03:44:38 2022  [TRACE]: c After shift:
Sat Nov  5 03:44:38 2022  [TRACE]: Start FFT C
Sat Nov  5 03:44:38 2022  [TRACE]: c After fft:
Sat Nov  5 03:44:38 2022  [TRACE]: Start ABC
Sat Nov  5 03:44:38 2022  [TRACE]: abc:
Sat Nov  5 03:44:38 2022  [TRACE]: Start Multiexp H
Sat Nov  5 03:44:38 2022  [TRACE]: Start Multiexp A
Sat Nov  5 03:44:39 2022  [TRACE]: Start Multiexp B1
Sat Nov  5 03:44:39 2022  [TRACE]: Start Multiexp B2
Sat Nov  5 03:44:39 2022  [TRACE]: Start Multiexp C
Tue Nov  8 15:32:49 2022  [TRACE]: Start Initializing a b c A
Tue Nov  8 15:32:49 2022  [TRACE]: Processing coefs
Tue Nov  8 15:32:49 2022  [TRACE]: Calculating c
Tue Nov  8 15:32:50 2022  [TRACE]: Initializing fft
Tue Nov  8 15:32:50 2022  [TRACE]: Start iFFT A
Tue Nov  8 15:32:50 2022  [TRACE]: a After ifft:
Tue Nov  8 15:32:50 2022  [TRACE]: Start Shift A
Tue Nov  8 15:32:50 2022  [TRACE]: a After shift:
Tue Nov  8 15:32:50 2022  [TRACE]: Start FFT A
Tue Nov  8 15:32:50 2022  [TRACE]: a After fft:
Tue Nov  8 15:32:50 2022  [TRACE]: Start iFFT B
Tue Nov  8 15:32:50 2022  [TRACE]: b After ifft:
Tue Nov  8 15:32:50 2022  [TRACE]: Start Shift B
Tue Nov  8 15:32:50 2022  [TRACE]: b After shift:
Tue Nov  8 15:32:50 2022  [TRACE]: Start FFT B
Tue Nov  8 15:32:50 2022  [TRACE]: b After fft:
Tue Nov  8 15:32:50 2022  [TRACE]: Start iFFT C
Tue Nov  8 15:32:51 2022  [TRACE]: c After ifft:
Tue Nov  8 15:32:51 2022  [TRACE]: Start Shift C
Tue Nov  8 15:32:51 2022  [TRACE]: c After shift:
Tue Nov  8 15:32:51 2022  [TRACE]: Start FFT C
Tue Nov  8 15:32:51 2022  [TRACE]: c After fft:
Tue Nov  8 15:32:51 2022  [TRACE]: Start ABC
Tue Nov  8 15:32:51 2022  [TRACE]: abc:
Tue Nov  8 15:32:51 2022  [TRACE]: Start Multiexp H
Tue Nov  8 15:32:53 2022  [TRACE]: Start Multiexp A
Tue Nov  8 15:32:54 2022  [TRACE]: Start Multiexp B1
Tue Nov  8 15:32:54 2022  [TRACE]: Start Multiexp B2
Tue Nov  8 15:32:56 2022  [TRACE]: Start Multiexp C
Tue Nov  8 15:32:59 2022  [TRACE]: Start Initializing a b c A
Tue Nov  8 15:32:59 2022  [TRACE]: Processing coefs
Tue Nov  8 15:32:59 2022  [TRACE]: Calculating c
Tue Nov  8 15:32:59 2022  [TRACE]: Initializing fft
Tue Nov  8 15:32:59 2022  [TRACE]: Start iFFT A
Tue Nov  8 15:32:59 2022  [TRACE]: a After ifft:
Tue Nov  8 15:32:59 2022  [TRACE]: Start Shift A
Tue Nov  8 15:32:59 2022  [TRACE]: a After shift:
Tue Nov  8 15:32:59 2022  [TRACE]: Start FFT A
Tue Nov  8 15:32:59 2022  [TRACE]: a After fft:
Tue Nov  8 15:32:59 2022  [TRACE]: Start iFFT B
Tue Nov  8 15:32:59 2022  [TRACE]: b After ifft:
Tue Nov  8 15:32:59 2022  [TRACE]: Start Shift B
Tue Nov  8 15:32:59 2022  [TRACE]: b After shift:
Tue Nov  8 15:32:59 2022  [TRACE]: Start FFT B
Tue Nov  8 15:32:59 2022  [TRACE]: b After fft:
Tue Nov  8 15:32:59 2022  [TRACE]: Start iFFT C
Tue Nov  8 15:32:59 2022  [TRACE]: c After ifft:
Tue Nov  8 15:32:59 2022  [TRACE]: Start Shift C
Tue Nov  8 15:32:59 2022  [TRACE]: c After shift:
Tue Nov  8 15:32:59 2022  [TRACE]: Start FFT C
Tue Nov  8 15:32:59 2022  [TRACE]: c After fft:
Tue Nov  8 15:32:59 2022  [TRACE]: Start ABC
Tue Nov  8 15:32:59 2022  [TRACE]: abc:
Tue Nov  8 15:32:59 2022  [TRACE]: Start Multiexp H
Tue Nov  8 15:33:00 2022  [TRACE]: Start Multiexp A
Tue Nov  8 15:33:00 2022  [TRACE]: Start Multiexp B1
Tue Nov  8 15:33:00 2022  [TRACE]: Start Multiexp B2
Tue Nov  8 15:33:01 2022  [TRACE]: Start Multiexp C
